<?xml version="1.0" encoding="UTF-8"?>
<coverage generated="1726641531492" clover="3.2.0">
  <project timestamp="1726641531492" name="All files">
    <metrics statements="49" coveredstatements="46" conditionals="8" coveredconditionals="6" methods="19" coveredmethods="19" elements="76" coveredelements="71" complexity="0" loc="49" ncloc="49" packages="1" files="3" classes="3"/>
    <file name="LinkedList.ts" path="/Users/himanshu/Documents/typescript-data-structures/src/LinkedList.ts">
      <metrics statements="35" coveredstatements="32" conditionals="8" coveredconditionals="6" methods="7" coveredmethods="7"/>
      <line num="1" count="1" type="stmt"/>
      <line num="3" count="15" type="stmt"/>
      <line num="6" count="15" type="stmt"/>
      <line num="10" count="1" type="stmt"/>
      <line num="11" count="6" type="stmt"/>
      <line num="15" count="12" type="stmt"/>
      <line num="17" count="12" type="cond" truecount="1" falsecount="0"/>
      <line num="18" count="4" type="stmt"/>
      <line num="19" count="4" type="stmt"/>
      <line num="22" count="8" type="stmt"/>
      <line num="23" count="8" type="stmt"/>
      <line num="24" count="4" type="stmt"/>
      <line num="27" count="8" type="stmt"/>
      <line num="32" count="3" type="stmt"/>
      <line num="33" count="3" type="stmt"/>
      <line num="34" count="3" type="stmt"/>
      <line num="39" count="1" type="cond" truecount="0" falsecount="1"/>
      <line num="41" count="1" type="cond" truecount="0" falsecount="1"/>
      <line num="42" count="0" type="stmt"/>
      <line num="43" count="0" type="stmt"/>
      <line num="46" count="1" type="stmt"/>
      <line num="47" count="1" type="cond" truecount="2" falsecount="0"/>
      <line num="48" count="0" type="stmt"/>
      <line num="51" count="1" type="cond" truecount="1" falsecount="0"/>
      <line num="52" count="1" type="stmt"/>
      <line num="58" count="2" type="stmt"/>
      <line num="59" count="2" type="cond" truecount="2" falsecount="0"/>
      <line num="60" count="4" type="stmt"/>
      <line num="62" count="2" type="stmt"/>
      <line num="67" count="4" type="stmt"/>
      <line num="68" count="4" type="stmt"/>
      <line num="70" count="4" type="stmt"/>
      <line num="71" count="8" type="stmt"/>
      <line num="72" count="8" type="stmt"/>
      <line num="75" count="4" type="stmt"/>
    </file>
    <file name="Queue.ts" path="/Users/himanshu/Documents/typescript-data-structures/src/Queue.ts">
      <metrics statements="7" coveredstatements="7" conditionals="0" coveredconditionals="0" methods="6" coveredmethods="6"/>
      <line num="1" count="1" type="stmt"/>
      <line num="2" count="8" type="stmt"/>
      <line num="6" count="11" type="stmt"/>
      <line num="11" count="6" type="stmt"/>
      <line num="16" count="4" type="stmt"/>
      <line num="21" count="2" type="stmt"/>
      <line num="26" count="9" type="stmt"/>
    </file>
    <file name="Stack.ts" path="/Users/himanshu/Documents/typescript-data-structures/src/Stack.ts">
      <metrics statements="7" coveredstatements="7" conditionals="0" coveredconditionals="0" methods="6" coveredmethods="6"/>
      <line num="1" count="1" type="stmt"/>
      <line num="2" count="6" type="stmt"/>
      <line num="6" count="5" type="stmt"/>
      <line num="11" count="2" type="stmt"/>
      <line num="16" count="2" type="stmt"/>
      <line num="21" count="2" type="stmt"/>
      <line num="26" count="4" type="stmt"/>
    </file>
  </project>
</coverage>
