TN:
SF:src/LinkedList.ts
FN:5,(anonymous_0)
FN:10,(anonymous_1)
FN:14,(anonymous_2)
FN:31,(anonymous_3)
FN:38,(anonymous_4)
FN:57,(anonymous_5)
FN:66,(anonymous_6)
FNF:7
FNH:7
FNDA:15,(anonymous_0)
FNDA:6,(anonymous_1)
FNDA:12,(anonymous_2)
FNDA:3,(anonymous_3)
FNDA:1,(anonymous_4)
FNDA:2,(anonymous_5)
FNDA:4,(anonymous_6)
DA:1,1
DA:3,15
DA:6,15
DA:10,1
DA:11,6
DA:15,12
DA:17,12
DA:18,4
DA:19,4
DA:22,8
DA:23,8
DA:24,4
DA:27,8
DA:32,3
DA:33,3
DA:34,3
DA:39,1
DA:41,1
DA:42,0
DA:43,0
DA:46,1
DA:47,1
DA:48,0
DA:51,1
DA:52,1
DA:58,2
DA:59,2
DA:60,4
DA:62,2
DA:67,4
DA:68,4
DA:70,4
DA:71,8
DA:72,8
DA:75,4
LF:35
LH:32
BRDA:17,0,0,4
BRDA:39,1,0,0
BRDA:41,2,0,0
BRDA:47,3,0,1
BRDA:47,3,1,1
BRDA:51,4,0,1
BRDA:59,5,0,6
BRDA:59,5,1,5
BRF:8
BRH:6
end_of_record
TN:
SF:src/Queue.ts
FN:1,(anonymous_0)
FN:5,(anonymous_1)
FN:10,(anonymous_2)
FN:15,(anonymous_3)
FN:20,(anonymous_4)
FN:25,(anonymous_5)
FNF:6
FNH:6
FNDA:8,(anonymous_0)
FNDA:11,(anonymous_1)
FNDA:6,(anonymous_2)
FNDA:4,(anonymous_3)
FNDA:2,(anonymous_4)
FNDA:9,(anonymous_5)
DA:1,1
DA:2,8
DA:6,11
DA:11,6
DA:16,4
DA:21,2
DA:26,9
LF:7
LH:7
BRF:0
BRH:0
end_of_record
TN:
SF:src/Stack.ts
FN:1,(anonymous_0)
FN:5,(anonymous_1)
FN:10,(anonymous_2)
FN:15,(anonymous_3)
FN:20,(anonymous_4)
FN:25,(anonymous_5)
FN:30,(anonymous_6)
FN:54,(anonymous_7)
FNF:8
FNH:8
FNDA:31,(anonymous_0)
FNDA:76,(anonymous_1)
FNDA:58,(anonymous_2)
FNDA:2,(anonymous_3)
FNDA:79,(anonymous_4)
FNDA:25,(anonymous_5)
FNDA:6,(anonymous_6)
FNDA:19,(anonymous_7)
DA:1,1
DA:2,31
DA:6,76
DA:11,58
DA:16,2
DA:21,79
DA:26,25
DA:31,6
DA:32,6
DA:35,6
DA:36,11
DA:37,11
DA:39,11
DA:40,4
DA:41,4
DA:46,6
DA:47,11
DA:50,6
DA:55,19
DA:57,7
DA:58,7
DA:59,7
DA:62,7
DA:63,13
DA:64,13
DA:65,9
DA:67,4
DA:72,7
DA:73,7
DA:76,7
DA:77,9
DA:80,7
DA:82,7
DA:83,4
LF:34
LH:34
BRDA:39,0,0,4
BRDA:55,1,0,12
BRDA:64,2,0,9
BRDA:64,2,1,4
BRF:4
BRH:4
end_of_record
